********************************************************************************
DUPLICATOR-LITE PACKAGE-LOG: February 5, 2018 11:32 am
NOTICE: Do NOT post to public sites or forums 
********************************************************************************
VERSION:	1.2.32
WORDPRESS:	4.9.2
PHP INFO:	7.2.0 | SAPI: apache2handler
SERVER:		Apache/2.4.29 (Win32) OpenSSL/1.1.0g PHP/7.2.0 
PHP TIME LIMIT: (0) no time limit imposed 
PHP MAX MEMORY: 2048M (128M default) 
MEMORY STACK: 4MB 

********************************************************************************
DATABASE:
********************************************************************************
BUILD MODE:   MYSQLDUMP
MYSQLTIMEOUT: 5000
MYSQLDUMP:    Is Supported 
FILTERED: [] 
RESPONSE: Ran from C:/xampp/mysql/bin/mysqldump.exe 
TABLES: total:19 | filtered:0 | create:19 
SQL CREATED: 20180204_clight_028f1c31db3706997245180205113200_database.sql 
SQL FILE SIZE: 817.39KB (837009) 
SQL FILE TIME: 2018-02-05 11:32:03 
SQL RUNTIME: 0.45 sec. 

******************************************************************************** 
ARCHIVE (ZIP): 
******************************************************************************** 
ARCHIVE DIR:  C:/xampp/htdocs/wordpress 
ARCHIVE FILE: 20180204_clight_028f1c31db3706997245180205113200_archive.zip 
FILTERS: *OFF* 
DIRS:
	not set 
FILES:
	not set 
EXTS:  not set 
---------------------------------------- 
COMPRESSING 
SIZE:	69.25MB 
STATS:	Dirs 248 | Files 2,251 
SQL ADDED: 20180204_clight_028f1c31db3706997245180205113200_database.sql 
ZipArchive Object
(
    [status] => 0
    [statusSys] => 0
    [numFiles] => 2499
    [filename] => C:\xampp\htdocs\wordpress\wp-snapshots\tmp\20180204_clight_028f1c31db3706997245180205113200_archive.zip
    [comment] => 
)
 
COMPRESSION RESULT: '1' 
COMPRESSED SIZE: 37.33MB 
ARCHIVE RUNTIME: 6.30 sec. 
MEMORY STACK: 4MB 

******************************************************************************** 
MAKE INSTALLER: 
******************************************************************************** 
Build Start 
Build Finished 
Preping for use 
PACK SIZE:  
Template parsed with new data 
Complete [C:/xampp/htdocs/wordpress/wp-snapshots/tmp/20180204_clight_028f1c31db3706997245180205113200_installer.php] 
Added to archive 

******************************************************************************** 
INTEGRITY CHECKS: 
******************************************************************************** 
SQL File: 817.39KB 
Installer File: 443.98KB 
Archive File: 37.33MB  

********************************************************************************
RECORD ID:[9]
TOTAL PROCESS RUNTIME: 12.63 sec.
PEAK PHP MEMORY USED: 6MB
DONE PROCESSING => 20180204_clight February 5, 2018 11:32 am
 
